{"level":40,"time":1672261104518,"pid":9596,"hostname":"DESKTOP-JVIRKLF","msg":"/favicon.ico method:GET not found"}
{"level":40,"time":1672261397803,"pid":1304,"hostname":"DESKTOP-JVIRKLF","msg":"/alt= method:GET not found"}
{"level":40,"time":1672261397806,"pid":1304,"hostname":"DESKTOP-JVIRKLF","msg":"/123 method:GET not found"}
{"level":40,"time":1672323037275,"pid":7152,"hostname":"DESKTOP-IO5QHLD","msg":"/favicon.ico method:GET not found"}
{"level":40,"time":1672323056451,"pid":7152,"hostname":"DESKTOP-IO5QHLD","msg":"/alt= method:GET not found"}
{"level":40,"time":1672323056455,"pid":7152,"hostname":"DESKTOP-IO5QHLD","msg":"/123 method:GET not found"}
{"level":40,"time":1672323895515,"pid":9536,"hostname":"DESKTOP-IO5QHLD","msg":"/alt= method:GET not found"}
{"level":40,"time":1672323895521,"pid":9536,"hostname":"DESKTOP-IO5QHLD","msg":"/123 method:GET not found"}
{"level":40,"time":1672324683413,"pid":14332,"hostname":"DESKTOP-IO5QHLD","msg":"/alt= method:GET not found"}
{"level":40,"time":1672324683420,"pid":14332,"hostname":"DESKTOP-IO5QHLD","msg":"/123 method:GET not found"}
{"level":40,"time":1672325836319,"pid":12128,"hostname":"DESKTOP-IO5QHLD","msg":"/favicon.ico method:GET not found"}
{"level":40,"time":1672331650240,"pid":13608,"hostname":"DESKTOP-IO5QHLD","msg":"/newUser?username=marian&password=qwerty123 method:GET not found"}

{"level":40,"time":1673632272891,"pid":716,"hostname":"DESKTOP-JVIRKLF","msg":"/favicon.ico method:GET not found"}
{"level":40,"time":1673632297899,"pid":716,"hostname":"DESKTOP-JVIRKLF","msg":"/alt= method:GET not found"}
{"level":40,"time":1673632297901,"pid":716,"hostname":"DESKTOP-JVIRKLF","msg":"/123 method:GET not found"}
{"level":40,"time":1673823851628,"pid":11620,"hostname":"DESKTOP-JVIRKLF","msg":"/favicon.ico method:GET not found"}
{"level":40,"time":1675274286804,"pid":13580,"hostname":"DESKTOP-IO5QHLD","msg":"/favicon.ico method:GET not found"}
{"level":40,"time":1675274296805,"pid":13580,"hostname":"DESKTOP-IO5QHLD","msg":"/auth/index.js method:GET not found"}
{"level":40,"time":1675274882650,"pid":10768,"hostname":"DESKTOP-IO5QHLD","msg":"/auth/index.js method:GET not found"}
{"level":40,"time":1675274907930,"pid":10768,"hostname":"DESKTOP-IO5QHLD","msg":"/uploads/ method:GET not found"}
{"level":40,"time":1675275208680,"pid":1136,"hostname":"DESKTOP-IO5QHLD","msg":"/uploads/ method:GET not found"}
{"level":40,"time":1675275213231,"pid":1136,"hostname":"DESKTOP-IO5QHLD","msg":"/uploads/ method:GET not found"}
{"level":40,"time":1675275214699,"pid":1136,"hostname":"DESKTOP-IO5QHLD","msg":"/uploads/ method:GET not found"}
{"level":40,"time":1675275216047,"pid":1136,"hostname":"DESKTOP-IO5QHLD","msg":"/uploads/ method:GET not found"}
{"level":40,"time":1675275353479,"pid":12988,"hostname":"DESKTOP-IO5QHLD","msg":"/auth/index.js method:GET not found"}
{"level":40,"time":1675275787632,"pid":13760,"hostname":"DESKTOP-IO5QHLD","msg":"/uploads/ method:GET not found"}
{"level":40,"time":1678451868687,"pid":1580,"hostname":"DESKTOP-IO5QHLD","msg":"/favicon.ico method:GET not found"}
{"level":40,"time":1678451874236,"pid":1580,"hostname":"DESKTOP-IO5QHLD","msg":"/auth/index.js method:GET not found"}
{"level":40,"time":1678451874249,"pid":1580,"hostname":"DESKTOP-IO5QHLD","msg":"/auth/index.js method:GET not found"}
{"level":40,"time":1678452073585,"pid":1580,"hostname":"DESKTOP-IO5QHLD","msg":"/auth/index.js method:GET not found"}
{"level":40,"time":1678452340133,"pid":960,"hostname":"DESKTOP-IO5QHLD","msg":"/uploads/ method:GET not found"}
{"level":40,"time":1678452346241,"pid":960,"hostname":"DESKTOP-IO5QHLD","msg":"/uploads/ method:GET not found"}
{"level":40,"time":1678452347724,"pid":960,"hostname":"DESKTOP-IO5QHLD","msg":"/uploads/ method:GET not found"}
{"level":40,"time":1678452348602,"pid":960,"hostname":"DESKTOP-IO5QHLD","msg":"/uploads/ method:GET not found"}
{"level":40,"time":1678452425673,"pid":4972,"hostname":"DESKTOP-IO5QHLD","msg":"/uploads/ method:GET not found"}
{"level":40,"time":1678452476253,"pid":11784,"hostname":"DESKTOP-IO5QHLD","msg":"/uploads/ method:GET not found"}
{"level":40,"time":1678452486800,"pid":11784,"hostname":"DESKTOP-IO5QHLD","msg":"/auth/index.js method:GET not found"}
{"level":40,"time":1678452657817,"pid":11784,"hostname":"DESKTOP-IO5QHLD","msg":"/auth/index.js method:GET not found"}
{"level":40,"time":1678452828717,"pid":11784,"hostname":"DESKTOP-IO5QHLD","msg":"/uploads/ method:GET not found"}
{"level":40,"time":1678453275949,"pid":6264,"hostname":"DESKTOP-IO5QHLD","msg":"/auth/index.js method:GET not found"}
{"level":40,"time":1678453424029,"pid":6052,"hostname":"DESKTOP-IO5QHLD","msg":"/admin.js method:GET not found"}
{"level":40,"time":1678453455750,"pid":4892,"hostname":"DESKTOP-IO5QHLD","msg":"/admin.js method:GET not found"}
{"level":40,"time":1678453872354,"pid":4892,"hostname":"DESKTOP-IO5QHLD","msg":"/admin.js method:GET not found"}
{"level":40,"time":1678453889582,"pid":4892,"hostname":"DESKTOP-IO5QHLD","msg":"/auth/index.js method:GET not found"}
{"level":40,"time":1678473315891,"pid":11500,"hostname":"DESKTOP-IO5QHLD","msg":"/favicon.ico method:GET not found"}
{"level":40,"time":1678473325283,"pid":11500,"hostname":"DESKTOP-IO5QHLD","msg":"/admin.js method:GET not found"}
{"level":40,"time":1678718048063,"pid":3512,"hostname":"DESKTOP-IO5QHLD","msg":"/favicon.ico method:GET not found"}
{"level":40,"time":1678721176461,"pid":10592,"hostname":"DESKTOP-IO5QHLD","msg":"/auth/index.js method:GET not found"}
{"level":40,"time":1678722976493,"pid":3468,"hostname":"DESKTOP-IO5QHLD","msg":"/auth/index.js method:GET not found"}
